app/build/intermediates/manifest_merge_blame_file/debug/manifest-merger-blame-debug-report.txt
1<?xml version="1.0" encoding="utf-8"?>
2<manifest xmlns:android="http://schemas.android.com/apk/res/android"
3    package="com.example.myapplication30"
4    android:versionCode="1"
5    android:versionName="1.0" >
6
7    <uses-sdk
8        android:minSdkVersion="16"
8-->src\main\AndroidManifest.xml
9        android:targetSdkVersion="30" />
9-->src\main\AndroidManifest.xml
10
11    <!-- Although the *SdkVersion is captured in gradle build files, this is required for non gradle builds -->
12    <!-- <uses-sdk android:minSdkVersion="14"/> -->
13    <uses-permission android:name="android.permission.ACCESS_NETWORK_STATE" />
13-->[com.google.firebase:firebase-database:20.0.0] AndroidManifest.xml:25:5-79
13-->[com.google.firebase:firebase-database:20.0.0] AndroidManifest.xml:25:22-76
14    <uses-permission android:name="android.permission.INTERNET" />
14-->[com.google.firebase:firebase-database:20.0.0] AndroidManifest.xml:26:5-67
14-->[com.google.firebase:firebase-database:20.0.0] AndroidManifest.xml:26:22-64
15
16    <application
16-->src\main\AndroidManifest.xml:5:5-24:19
17        android:allowBackup="true"
17-->src\main\AndroidManifest.xml:6:9-35
18        android:appComponentFactory="androidx.core.app.CoreComponentFactory"
18-->[androidx.core:core:1.3.1] AndroidManifest.xml:24:18-86
19        android:debuggable="true"
20        android:icon="@mipmap/ic_launcher"
20-->src\main\AndroidManifest.xml:7:9-43
21        android:label="@string/app_name"
21-->src\main\AndroidManifest.xml:8:9-41
22        android:roundIcon="@mipmap/ic_launcher_round"
22-->src\main\AndroidManifest.xml:9:9-54
23        android:supportsRtl="true"
23-->src\main\AndroidManifest.xml:10:9-35
24        android:testOnly="true"
25        android:theme="@style/Theme.LedsGo" >
25-->src\main\AndroidManifest.xml:11:9-44
26        <activity android:name="com.example.myapplication30.ReportErrors" />
26-->src\main\AndroidManifest.xml:12:9-59
26-->src\main\AndroidManifest.xml:12:19-47
27        <activity android:name="com.example.myapplication30.Perfil" />
27-->src\main\AndroidManifest.xml:13:9-53
27-->src\main\AndroidManifest.xml:13:19-41
28        <activity android:name="com.example.myapplication30.LogIn" />
28-->src\main\AndroidManifest.xml:14:9-52
28-->src\main\AndroidManifest.xml:14:19-40
29        <activity android:name="com.example.myapplication30.SignUp" />
29-->src\main\AndroidManifest.xml:15:9-44
29-->src\main\AndroidManifest.xml:15:19-41
30        <activity android:name="com.example.myapplication30.ForgotPass" />
30-->src\main\AndroidManifest.xml:16:9-57
30-->src\main\AndroidManifest.xml:16:19-45
31        <activity android:name="com.example.myapplication30.Show" >
31-->src\main\AndroidManifest.xml:17:9-23:20
31-->src\main\AndroidManifest.xml:17:19-39
32            <intent-filter>
32-->src\main\AndroidManifest.xml:18:13-22:29
33                <action android:name="android.intent.action.MAIN" />
33-->src\main\AndroidManifest.xml:19:17-69
33-->src\main\AndroidManifest.xml:19:25-66
34
35                <category android:name="android.intent.category.LAUNCHER" />
35-->src\main\AndroidManifest.xml:21:17-77
35-->src\main\AndroidManifest.xml:21:27-74
36            </intent-filter>
37        </activity>
38
39        <service
39-->[com.google.firebase:firebase-database:20.0.0] AndroidManifest.xml:29:9-35:19
40            android:name="com.google.firebase.components.ComponentDiscoveryService"
40-->[com.google.firebase:firebase-database:20.0.0] AndroidManifest.xml:30:13-84
41            android:directBootAware="true"
41-->[com.google.firebase:firebase-common:20.0.0] AndroidManifest.xml:35:13-43
42            android:exported="false" >
42-->[com.google.firebase:firebase-database:20.0.0] AndroidManifest.xml:31:13-37
43            <meta-data
43-->[com.google.firebase:firebase-database:20.0.0] AndroidManifest.xml:32:13-34:85
44                android:name="com.google.firebase.components:com.google.firebase.database.DatabaseRegistrar"
44-->[com.google.firebase:firebase-database:20.0.0] AndroidManifest.xml:33:17-109
45                android:value="com.google.firebase.components.ComponentRegistrar" />
45-->[com.google.firebase:firebase-database:20.0.0] AndroidManifest.xml:34:17-82
46        </service>
47
48        <provider
48-->[com.google.firebase:firebase-common:20.0.0] AndroidManifest.xml:26:9-31:39
49            android:name="com.google.firebase.provider.FirebaseInitProvider"
49-->[com.google.firebase:firebase-common:20.0.0] AndroidManifest.xml:27:13-77
50            android:authorities="com.example.myapplication30.firebaseinitprovider"
50-->[com.google.firebase:firebase-common:20.0.0] AndroidManifest.xml:28:13-72
51            android:directBootAware="true"
51-->[com.google.firebase:firebase-common:20.0.0] AndroidManifest.xml:29:13-43
52            android:exported="false"
52-->[com.google.firebase:firebase-common:20.0.0] AndroidManifest.xml:30:13-37
53            android:initOrder="100" />
53-->[com.google.firebase:firebase-common:20.0.0] AndroidManifest.xml:31:13-36
54
55        <activity
55-->[com.google.android.gms:play-services-base:17.1.0] AndroidManifest.xml:23:9-26:75
56            android:name="com.google.android.gms.common.api.GoogleApiActivity"
56-->[com.google.android.gms:play-services-base:17.1.0] AndroidManifest.xml:24:13-79
57            android:exported="false"
57-->[com.google.android.gms:play-services-base:17.1.0] AndroidManifest.xml:25:13-37
58            android:theme="@android:style/Theme.Translucent.NoTitleBar" />
58-->[com.google.android.gms:play-services-base:17.1.0] AndroidManifest.xml:26:13-72
59
60        <meta-data
60-->[com.google.android.gms:play-services-basement:17.0.0] AndroidManifest.xml:23:9-25:69
61            android:name="com.google.android.gms.version"
61-->[com.google.android.gms:play-services-basement:17.0.0] AndroidManifest.xml:24:13-58
62            android:value="@integer/google_play_services_version" />
62-->[com.google.android.gms:play-services-basement:17.0.0] AndroidManifest.xml:25:13-66
63    </application>
64
65</manifest>